Debug (bootstrap): Processing bootstrap step: WP_CLI\Bootstrap\DeclareAbstractBaseCommand (0.025s)
Debug (bootstrap): Processing bootstrap step: WP_CLI\Bootstrap\IncludeFrameworkAutoloader (0.026s)
Debug (bootstrap): Processing bootstrap step: WP_CLI\Bootstrap\ConfigureRunner (0.026s)
Debug (bootstrap): Processing bootstrap step: WP_CLI\Bootstrap\InitializeColorization (0.026s)
Debug (bootstrap): Processing bootstrap step: WP_CLI\Bootstrap\InitializeLogger (0.026s)
Debug (bootstrap): Processing bootstrap step: WP_CLI\Bootstrap\CheckRoot (0.026s)
Debug (bootstrap): Processing bootstrap step: WP_CLI\Bootstrap\IncludeRequestsAutoloader (0.027s)
Debug (bootstrap): Setting RequestsLibrary::$version to v2 (0.031s)
Debug (bootstrap): Setting RequestsLibrary::$source to wp-core (0.031s)
Debug (bootstrap): Setting RequestsLibrary::$class_name to \WpOrg\Requests\Requests (0.031s)
Debug (bootstrap): Processing bootstrap step: WP_CLI\Bootstrap\DefineProtectedCommands (0.031s)
Debug (bootstrap): Processing bootstrap step: WP_CLI\Bootstrap\LoadExecCommand (0.032s)
Debug (bootstrap): Processing bootstrap step: WP_CLI\Bootstrap\LoadRequiredCommand (0.033s)
Debug (bootstrap): Processing bootstrap step: WP_CLI\Bootstrap\IncludePackageAutoloader (0.033s)
Debug (bootstrap): Processing bootstrap step: WP_CLI\Bootstrap\IncludeFallbackAutoloader (0.034s)
Debug (bootstrap): Fallback autoloader paths: phar://wp-cli.phar/vendor/autoload.php (0.034s)
Debug (bootstrap): Loading detected autoloader: phar://wp-cli.phar/vendor/autoload.php (0.034s)
Debug (bootstrap): Attaching command 'config edit' to hook before_wp_load (0.048s)
Debug (bootstrap): Attaching command 'config path' to hook before_wp_load (0.048s)
Debug (bootstrap): Attaching command 'config list' to hook before_wp_load (0.048s)
Debug (bootstrap): Attaching command 'config get' to hook before_wp_load (0.05s)
Debug (bootstrap): Attaching command 'config is-true' to hook before_wp_load (0.05s)
Debug (bootstrap): Attaching command 'config set' to hook before_wp_load (0.05s)
Debug (bootstrap): Attaching command 'config delete' to hook before_wp_load (0.051s)
Debug (bootstrap): Attaching command 'config has' to hook before_wp_load (0.051s)
Debug (bootstrap): Attaching command 'config shuffle-salts' to hook before_wp_load (0.051s)
Debug (commands): Adding command: config (0.052s)
Debug (bootstrap): Attaching command 'core download' to hook before_wp_load (0.055s)
Debug (bootstrap): Attaching command 'core version' to hook before_wp_load (0.057s)
Debug (commands): Adding command: core (0.058s)
Debug (bootstrap): Attaching command 'eval' to hook before_wp_load (0.059s)
Debug (commands): Adding command: eval (0.06s)
Debug (bootstrap): Attaching command 'eval-file' to hook before_wp_load (0.06s)
Debug (commands): Adding command: eval-file (0.06s)
Debug (commands): Adding command: cache (0.063s)
Debug (commands): Adding command: transient (0.066s)
Debug (bootstrap): Attaching command 'core verify-checksums' to hook before_wp_load (0.068s)
Debug (commands): Adding command: verify-checksums in core Namespace (0.069s)
Debug (commands): Adding command: plugin (0.069s)
Debug (commands): Adding command: verify-checksums in plugin Namespace (0.07s)
Debug (commands): Adding command: cron (0.071s)
Debug (commands): Adding command: event in cron Namespace (0.074s)
Debug (commands): Adding command: schedule in cron Namespace (0.075s)
Debug (bootstrap): Attaching command 'db' to hook after_wp_config_load (0.078s)
Debug (bootstrap): Attaching command 'db clean' to hook after_wp_load (0.079s)
Debug (bootstrap): Attaching command 'db tables' to hook after_wp_load (0.086s)
Debug (bootstrap): Attaching command 'db size' to hook after_wp_load (0.086s)
Debug (bootstrap): Attaching command 'db prefix' to hook after_wp_load (0.087s)
Debug (bootstrap): Attaching command 'db search' to hook after_wp_load (0.087s)
Debug (bootstrap): Attaching command 'db columns' to hook after_wp_load (0.093s)
Debug (commands): Adding command: db (0.095s)
Debug (commands): Adding command: embed (0.096s)
Debug (commands): Adding command: fetch in embed Namespace (0.098s)
Debug (commands): Adding command: provider in embed Namespace (0.1s)
Debug (commands): Adding command: handler in embed Namespace (0.1s)
Debug (commands): Adding command: cache in embed Namespace (0.102s)
Debug (commands): Adding command: comment (0.107s)
Debug (commands): Adding command: meta in comment Namespace (0.109s)
Debug (commands): Adding command: menu (0.11s)
Debug (commands): Adding command: item in menu Namespace (0.112s)
Debug (commands): Adding command: location in menu Namespace (0.113s)
Debug (commands): Deferring command: network meta (0.113s)
Debug (commands): Adding command: option (0.117s)
Debug (commands): Adding command: post (0.125s)
Debug (commands): Adding command: meta in post Namespace (0.127s)
Debug (commands): Adding command: term in post Namespace (0.128s)
Debug (commands): Adding command: post-type (0.13s)
Debug (commands): Adding command: site (0.135s)
Debug (commands): Adding command: meta in site Namespace (0.137s)
Debug (commands): Adding command: option in site Namespace (0.138s)
Debug (commands): Adding command: taxonomy (0.14s)
Debug (commands): Adding command: term (0.144s)
Debug (commands): Adding command: meta in term Namespace (0.145s)
Debug (commands): Adding command: user (0.152s)
Debug (commands): Adding command: application-password in user Namespace (0.155s)
Debug (commands): Adding command: meta in user Namespace (0.156s)
Debug (commands): Adding command: session in user Namespace (0.158s)
Debug (commands): Adding command: term in user Namespace (0.158s)
Debug (commands): Adding command: network (0.159s)
Debug (hooks): Processing hook "after_add_command:network" with 1 callbacks (0.159s)
Debug (hooks): On hook "after_add_command:network": Closure in file phar://C:/Users/matti/OneDrive/Lavoro/automa/automaworkmode/wp-cli-local.phar/vendor/wp-cli/wp-cli/php/class-wp-cli.php at line 697 (0.159s)
Debug (commands): Adding command: meta in network Namespace (0.16s)
Debug (commands): Adding command: signup in user Namespace (0.162s)
Debug (commands): Adding command: export (0.164s)
Debug (commands): Adding command: plugin (0.181s)
Debug (commands): Adding command: auto-updates in plugin Namespace (0.182s)
Debug (commands): Adding command: theme (0.189s)
Debug (commands): Adding command: auto-updates in theme Namespace (0.19s)
Debug (commands): Adding command: mod in theme Namespace (0.191s)
Debug (bootstrap): Attaching command 'i18n' to hook before_wp_load (0.192s)
Debug (commands): Adding command: i18n (0.192s)
Debug (bootstrap): Attaching command 'i18n make-pot' to hook before_wp_load (0.193s)
Debug (commands): Adding command: make-pot in i18n Namespace (0.197s)
Debug (bootstrap): Attaching command 'i18n make-json' to hook before_wp_load (0.198s)
Debug (commands): Adding command: make-json in i18n Namespace (0.199s)
Debug (bootstrap): Attaching command 'i18n make-mo' to hook before_wp_load (0.199s)
Debug (commands): Adding command: make-mo in i18n Namespace (0.2s)
Debug (bootstrap): Attaching command 'i18n make-php' to hook before_wp_load (0.2s)
Debug (commands): Adding command: make-php in i18n Namespace (0.2s)
Debug (bootstrap): Attaching command 'i18n update-po' to hook before_wp_load (0.201s)
Debug (commands): Adding command: update-po in i18n Namespace (0.201s)
Debug (commands): Adding command: import (0.204s)
Debug (commands): Deferring command: language core (0.206s)
Debug (commands): Deferring command: language plugin (0.207s)
Debug (commands): Deferring command: language theme (0.208s)
Debug (hooks): Immediately invoking on passed hook "after_add_command:site": Closure in file phar://C:/Users/matti/OneDrive/Lavoro/automa/automaworkmode/wp-cli-local.phar/vendor/wp-cli/language-command/language-command.php at line 39 (0.208s)
Debug (commands): Adding command: switch-language in site Namespace (0.209s)
Debug (commands): Adding command: language (0.209s)
Debug (hooks): Processing hook "after_add_command:language" with 3 callbacks (0.209s)
Debug (hooks): On hook "after_add_command:language": Closure in file phar://C:/Users/matti/OneDrive/Lavoro/automa/automaworkmode/wp-cli-local.phar/vendor/wp-cli/wp-cli/php/class-wp-cli.php at line 697 (0.209s)
Debug (commands): Adding command: core in language Namespace (0.21s)
Debug (hooks): On hook "after_add_command:language": Closure in file phar://C:/Users/matti/OneDrive/Lavoro/automa/automaworkmode/wp-cli-local.phar/vendor/wp-cli/wp-cli/php/class-wp-cli.php at line 697 (0.21s)
Debug (commands): Adding command: plugin in language Namespace (0.212s)
Debug (hooks): On hook "after_add_command:language": Closure in file phar://C:/Users/matti/OneDrive/Lavoro/automa/automaworkmode/wp-cli-local.phar/vendor/wp-cli/wp-cli/php/class-wp-cli.php at line 697 (0.212s)
Debug (commands): Adding command: theme in language Namespace (0.213s)
Debug (bootstrap): Attaching command 'maintenance-mode' to hook after_wp_load (0.214s)
Debug (commands): Adding command: maintenance-mode (0.214s)
Debug (commands): Adding command: media (0.221s)
Debug (bootstrap): Attaching command 'package' to hook before_wp_load (0.223s)
Debug (commands): Adding command: package (0.226s)
Debug (commands): Adding command: rewrite (0.228s)
Debug (commands): Adding command: rewrite (0.228s)
Debug (commands): Adding command: cap (0.23s)
Debug (commands): Adding command: role (0.231s)
Debug (commands): Adding command: scaffold (0.238s)
Debug (commands): Adding command: search-replace (0.244s)
Debug (bootstrap): Attaching command 'server' to hook before_wp_load (0.245s)
Debug (commands): Adding command: server (0.246s)
Debug (commands): Adding command: shell (0.247s)
Debug (commands): Adding command: super-admin (0.248s)
Debug (commands): Adding command: widget (0.251s)
Debug (commands): Adding command: sidebar (0.252s)
Debug (bootstrap): Processing bootstrap step: WP_CLI\Bootstrap\RegisterFrameworkCommands (0.252s)
Debug (bootstrap): Adding framework command: phar://wp-cli.phar/vendor/wp-cli/wp-cli/php/commands/cli.php (0.252s)
Debug (bootstrap): Attaching command 'cli' to hook before_wp_load (0.255s)
Debug (bootstrap): Attaching command 'cli has-command' to hook after_wp_load (0.258s)
Debug (commands): Adding command: cli (0.259s)
Debug (bootstrap): Attaching command 'cli cache' to hook before_wp_load (0.259s)
Debug (commands): Adding command: cache in cli Namespace (0.26s)
Debug (bootstrap): Attaching command 'cli alias' to hook before_wp_load (0.26s)
Debug (commands): Adding command: alias in cli Namespace (0.261s)
Debug (bootstrap): Adding framework command: phar://wp-cli.phar/vendor/wp-cli/wp-cli/php/commands/help.php (0.261s)
Debug (commands): Adding command: help (0.262s)
Debug (bootstrap): Processing bootstrap step: WP_CLI\Bootstrap\RegisterDeferredCommands (0.263s)
Debug (bootstrap): Processing bootstrap step: WP_CLI\Bootstrap\InitializeContexts (0.263s)
Debug (bootstrap): Processing bootstrap step: WP_CLI\Bootstrap\LaunchRunner (0.265s)
Debug (bootstrap): No readable global config found (0.266s)
Debug (bootstrap): No project config found (0.266s)
Debug (bootstrap): argv: C:\Users\matti\OneDrive\Lavoro\automa\automaworkmode\wp-cli-local.phar --path=C:\Users\matti\Local Sites\awm-test\app\public plugin install C:\Users\matti\OneDrive\Lavoro\automa\automaworkmode\automa-work-mode-test.zip --force --debug (0.266s)
Debug (bootstrap): ABSPATH defined: C:/Users/matti/Local Sites/awm-test/app/public/ (0.266s)
Debug (hooks): Executing hook: before_wp_load (0.266s)
Debug (context): Using context 'cli' (0.268s)
Debug (bootstrap): Begin WordPress load (0.268s)
Debug (bootstrap): wp-config.php path: C:\Users\matti\Local Sites\awm-test\app\public\wp-config.php (0.268s)
Debug (bootstrap): Looking for UTF-8 BOM (0.269s)
Debug (bootstrap): Looking for UTF-16 (BE) BOM (0.269s)
Debug (bootstrap): Looking for UTF-16 (LE) BOM (0.269s)
Debug (hooks): Executing hook: after_wp_config_load (0.27s)
Debug (bootstrap): Loaded WordPress (0.924s)
Debug (hooks): Processing hook "before_run_command" with 1 callbacks (0.924s)
Debug (hooks): On hook "before_run_command": WP_CLI\Bootstrap\RegisterDeferredCommands->add_deferred_commands() (0.924s)
Debug (bootstrap): Running command: plugin install (0.924s)
